<?xml version="1.0" encoding="UTF-8"?>
<coverage generated="1728250785">
  <project timestamp="1728250785">
    <package name="Modules\Employee\Database\Factories">
      <file name="/Users/iagcs/Documents/projects/study/laravel/convenia/app-modules/employee/database/factories/EmployeeFactory.php">
        <class name="Modules\Employee\Database\Factories\EmployeeFactory" namespace="Modules\Employee\Database\Factories">
          <metrics complexity="1" methods="1" coveredmethods="1" conditionals="0" coveredconditionals="0" statements="7" coveredstatements="7" elements="8" coveredelements="8"/>
        </class>
        <line num="20" type="method" name="definition" visibility="public" complexity="1" crap="1" count="11"/>
        <line num="22" type="stmt" count="11"/>
        <line num="23" type="stmt" count="11"/>
        <line num="24" type="stmt" count="11"/>
        <line num="25" type="stmt" count="11"/>
        <line num="26" type="stmt" count="11"/>
        <line num="27" type="stmt" count="11"/>
        <line num="28" type="stmt" count="11"/>
        <metrics loc="31" ncloc="23" classes="1" methods="1" coveredmethods="1" conditionals="0" coveredconditionals="0" statements="7" coveredstatements="7" elements="8" coveredelements="8"/>
      </file>
    </package>
    <file name="/Users/iagcs/Documents/projects/study/laravel/convenia/app-modules/employee/database/migrations/2024_10_02_201405_set_up_employee_module.php">
      <line num="6" type="stmt" count="1"/>
      <line num="14" type="stmt" count="1"/>
      <line num="20" type="stmt" count="0"/>
      <line num="21" type="stmt" count="1"/>
      <metrics loc="22" ncloc="15" classes="0" methods="0" coveredmethods="0" conditionals="0" coveredconditionals="0" statements="4" coveredstatements="3" elements="4" coveredelements="3"/>
    </file>
    <file name="/Users/iagcs/Documents/projects/study/laravel/convenia/app-modules/employee/routes/employee-routes.php">
      <line num="5" type="stmt" count="0"/>
      <line num="6" type="stmt" count="0"/>
      <line num="7" type="stmt" count="0"/>
      <line num="9" type="stmt" count="0"/>
      <line num="10" type="stmt" count="0"/>
      <metrics loc="11" ncloc="11" classes="0" methods="0" coveredmethods="0" conditionals="0" coveredconditionals="0" statements="5" coveredstatements="0" elements="5" coveredelements="0"/>
    </file>
    <package name="Modules\Employee\DTO">
      <file name="/Users/iagcs/Documents/projects/study/laravel/convenia/app-modules/employee/src/DTO/EmployeeData.php">
        <class name="Modules\Employee\DTO\EmployeeData" namespace="Modules\Employee\DTO">
          <metrics complexity="1" methods="1" coveredmethods="1" conditionals="0" coveredconditionals="0" statements="1" coveredstatements="1" elements="2" coveredelements="2"/>
        </class>
        <line num="10" type="method" name="__construct" visibility="public" complexity="1" crap="1" count="3"/>
        <line num="17" type="stmt" count="3"/>
        <metrics loc="19" ncloc="19" classes="1" methods="1" coveredmethods="1" conditionals="0" coveredconditionals="0" statements="1" coveredstatements="1" elements="2" coveredelements="2"/>
      </file>
    </package>
    <package name="Modules\Employee\Http\Controllers">
      <file name="/Users/iagcs/Documents/projects/study/laravel/convenia/app-modules/employee/src/Http/Controllers/EmployeeController.php">
        <class name="Modules\Employee\Http\Controllers\EmployeeController" namespace="Modules\Employee\Http\Controllers">
          <metrics complexity="7" methods="7" coveredmethods="6" conditionals="0" coveredconditionals="0" statements="14" coveredstatements="13" elements="21" coveredelements="19"/>
        </class>
        <line num="20" type="method" name="__construct" visibility="public" complexity="1" crap="1" count="13"/>
        <line num="22" type="stmt" count="13"/>
        <line num="23" type="stmt" count="13"/>
        <line num="26" type="method" name="index" visibility="public" complexity="1" crap="2" count="0"/>
        <line num="28" type="stmt" count="0"/>
        <line num="34" type="method" name="store" visibility="public" complexity="1" crap="1" count="1"/>
        <line num="36" type="stmt" count="1"/>
        <line num="42" type="method" name="update" visibility="public" complexity="1" crap="1" count="1"/>
        <line num="44" type="stmt" count="1"/>
        <line num="47" type="method" name="show" visibility="public" complexity="1" crap="1" count="1"/>
        <line num="49" type="stmt" count="1"/>
        <line num="52" type="method" name="destroy" visibility="public" complexity="1" crap="1" count="1"/>
        <line num="54" type="stmt" count="1"/>
        <line num="56" type="stmt" count="1"/>
        <line num="62" type="method" name="import" visibility="public" complexity="1" crap="1" count="3"/>
        <line num="64" type="stmt" count="3"/>
        <line num="66" type="stmt" count="3"/>
        <line num="68" type="stmt" count="1"/>
        <line num="69" type="stmt" count="1"/>
        <line num="70" type="stmt" count="1"/>
        <line num="71" type="stmt" count="1"/>
        <metrics loc="74" ncloc="65" classes="1" methods="7" coveredmethods="6" conditionals="0" coveredconditionals="0" statements="14" coveredstatements="13" elements="21" coveredelements="19"/>
      </file>
    </package>
    <package name="Modules\Employee\Http\Requests">
      <file name="/Users/iagcs/Documents/projects/study/laravel/convenia/app-modules/employee/src/Http/Requests/EmployeeRequest.php">
        <class name="Modules\Employee\Http\Requests\EmployeeRequest" namespace="Modules\Employee\Http\Requests">
          <metrics complexity="1" methods="1" coveredmethods="1" conditionals="0" coveredconditionals="0" statements="28" coveredstatements="28" elements="29" coveredelements="29"/>
        </class>
        <line num="21" type="method" name="rules" visibility="public" complexity="1" crap="1" count="2"/>
        <line num="23" type="stmt" count="2"/>
        <line num="24" type="stmt" count="2"/>
        <line num="25" type="stmt" count="2"/>
        <line num="26" type="stmt" count="2"/>
        <line num="27" type="stmt" count="2"/>
        <line num="28" type="stmt" count="2"/>
        <line num="29" type="stmt" count="2"/>
        <line num="30" type="stmt" count="2"/>
        <line num="31" type="stmt" count="2"/>
        <line num="32" type="stmt" count="2"/>
        <line num="33" type="stmt" count="2"/>
        <line num="34" type="stmt" count="2"/>
        <line num="35" type="stmt" count="2"/>
        <line num="36" type="stmt" count="2"/>
        <line num="37" type="stmt" count="2"/>
        <line num="38" type="stmt" count="2"/>
        <line num="39" type="stmt" count="2"/>
        <line num="40" type="stmt" count="2"/>
        <line num="41" type="stmt" count="2"/>
        <line num="42" type="stmt" count="2"/>
        <line num="43" type="stmt" count="2"/>
        <line num="44" type="stmt" count="2"/>
        <line num="45" type="stmt" count="2"/>
        <line num="46" type="stmt" count="2"/>
        <line num="47" type="stmt" count="2"/>
        <line num="48" type="stmt" count="2"/>
        <line num="49" type="stmt" count="2"/>
        <line num="50" type="stmt" count="2"/>
        <metrics loc="53" ncloc="48" classes="1" methods="1" coveredmethods="1" conditionals="0" coveredconditionals="0" statements="28" coveredstatements="28" elements="29" coveredelements="29"/>
      </file>
      <file name="/Users/iagcs/Documents/projects/study/laravel/convenia/app-modules/employee/src/Http/Requests/ImportRequest.php">
        <class name="Modules\Employee\Http\Requests\ImportRequest" namespace="Modules\Employee\Http\Requests">
          <metrics complexity="1" methods="1" coveredmethods="1" conditionals="0" coveredconditionals="0" statements="3" coveredstatements="3" elements="4" coveredelements="4"/>
        </class>
        <line num="15" type="method" name="rules" visibility="public" complexity="1" crap="1" count="3"/>
        <line num="17" type="stmt" count="3"/>
        <line num="18" type="stmt" count="3"/>
        <line num="19" type="stmt" count="3"/>
        <metrics loc="22" ncloc="17" classes="1" methods="1" coveredmethods="1" conditionals="0" coveredconditionals="0" statements="3" coveredstatements="3" elements="4" coveredelements="4"/>
      </file>
    </package>
    <package name="Modules\Employee\Http\Resources">
      <file name="/Users/iagcs/Documents/projects/study/laravel/convenia/app-modules/employee/src/Http/Resources/EmployeeResource.php">
        <class name="Modules\Employee\Http\Resources\EmployeeResource" namespace="Modules\Employee\Http\Resources">
          <metrics complexity="1" methods="1" coveredmethods="1" conditionals="0" coveredconditionals="0" statements="1" coveredstatements="1" elements="2" coveredelements="2"/>
        </class>
        <line num="15" type="method" name="toArray" visibility="public" complexity="1" crap="1" count="3"/>
        <line num="17" type="stmt" count="3"/>
        <metrics loc="20" ncloc="15" classes="1" methods="1" coveredmethods="1" conditionals="0" coveredconditionals="0" statements="1" coveredstatements="1" elements="2" coveredelements="2"/>
      </file>
    </package>
    <package name="Modules\Employee\Jobs">
      <file name="/Users/iagcs/Documents/projects/study/laravel/convenia/app-modules/employee/src/Jobs/FileDataStoreJob.php">
        <class name="Modules\Employee\Jobs\FileDataStoreJob" namespace="Modules\Employee\Jobs">
          <metrics complexity="2" methods="2" coveredmethods="2" conditionals="0" coveredconditionals="0" statements="2" coveredstatements="2" elements="4" coveredelements="4"/>
        </class>
        <line num="19" type="method" name="__construct" visibility="public" complexity="1" crap="1" count="2"/>
        <line num="24" type="method" name="handle" visibility="public" complexity="1" crap="1" count="1"/>
        <line num="26" type="stmt" count="1"/>
        <metrics loc="29" ncloc="23" classes="1" methods="2" coveredmethods="2" conditionals="0" coveredconditionals="0" statements="2" coveredstatements="2" elements="4" coveredelements="4"/>
      </file>
      <file name="/Users/iagcs/Documents/projects/study/laravel/convenia/app-modules/employee/src/Jobs/FileDataValidateJob.php">
        <class name="Modules\Employee\Jobs\FileDataValidateJob" namespace="Modules\Employee\Jobs">
          <metrics complexity="2" methods="2" coveredmethods="2" conditionals="0" coveredconditionals="0" statements="2" coveredstatements="2" elements="4" coveredelements="4"/>
        </class>
        <line num="17" type="method" name="__construct" visibility="public" complexity="1" crap="1" count="2"/>
        <line num="21" type="stmt" count="2"/>
        <line num="28" type="method" name="handle" visibility="public" complexity="1" crap="1" count="1"/>
        <line num="30" type="stmt" count="1"/>
        <metrics loc="33" ncloc="25" classes="1" methods="2" coveredmethods="2" conditionals="0" coveredconditionals="0" statements="2" coveredstatements="2" elements="4" coveredelements="4"/>
      </file>
      <file name="/Users/iagcs/Documents/projects/study/laravel/convenia/app-modules/employee/src/Jobs/StartStoreProcessJob.php">
        <class name="Modules\Employee\Jobs\StartStoreProcessJob" namespace="Modules\Employee\Jobs">
          <metrics complexity="2" methods="2" coveredmethods="1" conditionals="0" coveredconditionals="0" statements="3" coveredstatements="1" elements="5" coveredelements="2"/>
        </class>
        <line num="17" type="method" name="__construct" visibility="public" complexity="1" crap="1" count="1"/>
        <line num="24" type="method" name="handle" visibility="public" complexity="1" crap="2" count="0"/>
        <line num="26" type="stmt" count="0"/>
        <line num="28" type="stmt" count="0"/>
        <metrics loc="31" ncloc="23" classes="1" methods="2" coveredmethods="1" conditionals="0" coveredconditionals="0" statements="3" coveredstatements="1" elements="5" coveredelements="2"/>
      </file>
    </package>
    <package name="Modules\Employee\Models">
      <file name="/Users/iagcs/Documents/projects/study/laravel/convenia/app-modules/employee/src/Models/Employee.php">
        <class name="Modules\Employee\Models\Employee" namespace="Modules\Employee\Models">
          <metrics complexity="1" methods="1" coveredmethods="1" conditionals="0" coveredconditionals="0" statements="1" coveredstatements="1" elements="2" coveredelements="2"/>
        </class>
        <line num="23" type="method" name="user" visibility="public" complexity="1" crap="1" count="8"/>
        <line num="25" type="stmt" count="8"/>
        <metrics loc="28" ncloc="28" classes="1" methods="1" coveredmethods="1" conditionals="0" coveredconditionals="0" statements="1" coveredstatements="1" elements="2" coveredelements="2"/>
      </file>
    </package>
    <package name="Modules\Employee\Notifications">
      <file name="/Users/iagcs/Documents/projects/study/laravel/convenia/app-modules/employee/src/Notifications/ImportInternErrorNotification.php">
        <class name="Modules\Employee\Notifications\ImportInternErrorNotification" namespace="Modules\Employee\Notifications">
          <metrics complexity="4" methods="4" coveredmethods="2" conditionals="0" coveredconditionals="0" statements="9" coveredstatements="2" elements="13" coveredelements="4"/>
        </class>
        <line num="17" type="method" name="__construct" visibility="public" complexity="1" crap="1" count="1"/>
        <line num="20" type="stmt" count="1"/>
        <line num="27" type="method" name="via" visibility="public" complexity="1" crap="1" count="1"/>
        <line num="29" type="stmt" count="1"/>
        <line num="35" type="method" name="toMail" visibility="public" complexity="1" crap="2" count="0"/>
        <line num="37" type="stmt" count="0"/>
        <line num="38" type="stmt" count="0"/>
        <line num="39" type="stmt" count="0"/>
        <line num="40" type="stmt" count="0"/>
        <line num="48" type="method" name="toArray" visibility="public" complexity="1" crap="2" count="0"/>
        <line num="50" type="stmt" count="0"/>
        <line num="51" type="stmt" count="0"/>
        <line num="52" type="stmt" count="0"/>
        <metrics loc="55" ncloc="38" classes="1" methods="4" coveredmethods="2" conditionals="0" coveredconditionals="0" statements="9" coveredstatements="2" elements="13" coveredelements="4"/>
      </file>
      <file name="/Users/iagcs/Documents/projects/study/laravel/convenia/app-modules/employee/src/Notifications/ImportSuccessNotification.php">
        <class name="Modules\Employee\Notifications\ImportSuccessNotification" namespace="Modules\Employee\Notifications">
          <metrics complexity="4" methods="4" coveredmethods="2" conditionals="0" coveredconditionals="0" statements="9" coveredstatements="2" elements="13" coveredelements="4"/>
        </class>
        <line num="17" type="method" name="__construct" visibility="public" complexity="1" crap="1" count="1"/>
        <line num="20" type="stmt" count="1"/>
        <line num="27" type="method" name="via" visibility="public" complexity="1" crap="1" count="1"/>
        <line num="29" type="stmt" count="1"/>
        <line num="35" type="method" name="toMail" visibility="public" complexity="1" crap="2" count="0"/>
        <line num="37" type="stmt" count="0"/>
        <line num="38" type="stmt" count="0"/>
        <line num="39" type="stmt" count="0"/>
        <line num="40" type="stmt" count="0"/>
        <line num="48" type="method" name="toArray" visibility="public" complexity="1" crap="2" count="0"/>
        <line num="50" type="stmt" count="0"/>
        <line num="51" type="stmt" count="0"/>
        <line num="52" type="stmt" count="0"/>
        <metrics loc="55" ncloc="38" classes="1" methods="4" coveredmethods="2" conditionals="0" coveredconditionals="0" statements="9" coveredstatements="2" elements="13" coveredelements="4"/>
      </file>
      <file name="/Users/iagcs/Documents/projects/study/laravel/convenia/app-modules/employee/src/Notifications/ValidationErrorNotification.php">
        <class name="Modules\Employee\Notifications\ValidationErrorNotification" namespace="Modules\Employee\Notifications">
          <metrics complexity="4" methods="4" coveredmethods="2" conditionals="0" coveredconditionals="0" statements="6" coveredstatements="2" elements="10" coveredelements="4"/>
        </class>
        <line num="17" type="method" name="__construct" visibility="public" complexity="1" crap="1" count="1"/>
        <line num="19" type="stmt" count="1"/>
        <line num="26" type="method" name="via" visibility="public" complexity="1" crap="1" count="1"/>
        <line num="28" type="stmt" count="1"/>
        <line num="34" type="method" name="toMail" visibility="public" complexity="1" crap="2" count="0"/>
        <line num="36" type="stmt" count="0"/>
        <line num="44" type="method" name="toArray" visibility="public" complexity="1" crap="2" count="0"/>
        <line num="46" type="stmt" count="0"/>
        <line num="47" type="stmt" count="0"/>
        <line num="48" type="stmt" count="0"/>
        <metrics loc="51" ncloc="35" classes="1" methods="4" coveredmethods="2" conditionals="0" coveredconditionals="0" statements="6" coveredstatements="2" elements="10" coveredelements="4"/>
      </file>
    </package>
    <package name="Modules\Employee\Policies">
      <file name="/Users/iagcs/Documents/projects/study/laravel/convenia/app-modules/employee/src/Policies/EmployeePolicy.php">
        <class name="Modules\Employee\Policies\EmployeePolicy" namespace="Modules\Employee\Policies">
          <metrics complexity="8" methods="5" coveredmethods="4" conditionals="0" coveredconditionals="0" statements="11" coveredstatements="10" elements="16" coveredelements="14"/>
        </class>
        <line num="14" type="method" name="viewAny" visibility="public" complexity="1" crap="2" count="0"/>
        <line num="16" type="stmt" count="0"/>
        <line num="22" type="method" name="view" visibility="public" complexity="2" crap="2" count="2"/>
        <line num="24" type="stmt" count="2"/>
        <line num="25" type="stmt" count="1"/>
        <line num="26" type="stmt" count="2"/>
        <line num="33" type="method" name="update" visibility="public" complexity="2" crap="2" count="2"/>
        <line num="35" type="stmt" count="2"/>
        <line num="36" type="stmt" count="1"/>
        <line num="37" type="stmt" count="2"/>
        <line num="40" type="method" name="create" visibility="public" complexity="1" crap="1" count="1"/>
        <line num="42" type="stmt" count="1"/>
        <line num="48" type="method" name="delete" visibility="public" complexity="2" crap="2" count="2"/>
        <line num="50" type="stmt" count="2"/>
        <line num="51" type="stmt" count="1"/>
        <line num="52" type="stmt" count="2"/>
        <metrics loc="55" ncloc="46" classes="1" methods="5" coveredmethods="4" conditionals="0" coveredconditionals="0" statements="11" coveredstatements="10" elements="16" coveredelements="14"/>
      </file>
    </package>
    <package name="Modules\Employee\Providers">
      <file name="/Users/iagcs/Documents/projects/study/laravel/convenia/app-modules/employee/src/Providers/EmployeeServiceProvider.php">
        <class name="Modules\Employee\Providers\EmployeeServiceProvider" namespace="Modules\Employee\Providers">
          <metrics complexity="2" methods="2" coveredmethods="2" conditionals="0" coveredconditionals="0" statements="2" coveredstatements="2" elements="4" coveredelements="4"/>
        </class>
        <line num="9" type="method" name="register" visibility="public" complexity="1" crap="1" count="27"/>
        <line num="11" type="stmt" count="27"/>
        <line num="13" type="method" name="boot" visibility="public" complexity="1" crap="1" count="27"/>
        <line num="15" type="stmt" count="27"/>
        <metrics loc="17" ncloc="17" classes="1" methods="2" coveredmethods="2" conditionals="0" coveredconditionals="0" statements="2" coveredstatements="2" elements="4" coveredelements="4"/>
      </file>
    </package>
    <package name="Modules\Employee\Services">
      <file name="/Users/iagcs/Documents/projects/study/laravel/convenia/app-modules/employee/src/Services/EmployeeService.php">
        <class name="Modules\Employee\Services\EmployeeService" namespace="Modules\Employee\Services">
          <metrics complexity="4" methods="4" coveredmethods="3" conditionals="0" coveredconditionals="0" statements="8" coveredstatements="7" elements="12" coveredelements="10"/>
        </class>
        <line num="11" type="method" name="create" visibility="public" complexity="1" crap="1" count="2"/>
        <line num="13" type="stmt" count="2"/>
        <line num="15" type="stmt" count="2"/>
        <line num="17" type="stmt" count="2"/>
        <line num="19" type="stmt" count="2"/>
        <line num="22" type="method" name="update" visibility="public" complexity="1" crap="1" count="1"/>
        <line num="24" type="stmt" count="1"/>
        <line num="26" type="stmt" count="1"/>
        <line num="29" type="method" name="show" visibility="public" complexity="1" crap="2" count="0"/>
        <line num="31" type="stmt" count="0"/>
        <line num="34" type="method" name="destroy" visibility="public" complexity="1" crap="1" count="1"/>
        <line num="36" type="stmt" count="1"/>
        <metrics loc="40" ncloc="40" classes="1" methods="4" coveredmethods="3" conditionals="0" coveredconditionals="0" statements="8" coveredstatements="7" elements="12" coveredelements="10"/>
      </file>
    </package>
    <package name="Modules\Employee\Services\import">
      <file name="/Users/iagcs/Documents/projects/study/laravel/convenia/app-modules/employee/src/Services/import/BatchProcessingService.php">
        <class name="Modules\Employee\Services\import\BatchProcessingService" namespace="Modules\Employee\Services\import">
          <metrics complexity="3" methods="3" coveredmethods="1" conditionals="0" coveredconditionals="0" statements="23" coveredstatements="18" elements="26" coveredelements="19"/>
        </class>
        <line num="14" type="method" name="__construct" visibility="public" complexity="1" crap="1" count="5"/>
        <line num="19" type="method" name="initiateValidationProcess" visibility="public" complexity="1" crap="1.02" count="2"/>
        <line num="21" type="stmt" count="2"/>
        <line num="23" type="stmt" count="2"/>
        <line num="24" type="stmt" count="2"/>
        <line num="25" type="stmt" count="0"/>
        <line num="26" type="stmt" count="2"/>
        <line num="27" type="stmt" count="0"/>
        <line num="29" type="stmt" count="0"/>
        <line num="30" type="stmt" count="2"/>
        <line num="32" type="stmt" count="2"/>
        <line num="33" type="stmt" count="2"/>
        <line num="34" type="stmt" count="2"/>
        <line num="36" type="stmt" count="2"/>
        <line num="42" type="method" name="initiateStoreProcess" visibility="public" complexity="1" crap="1.01" count="1"/>
        <line num="44" type="stmt" count="1"/>
        <line num="45" type="stmt" count="1"/>
        <line num="46" type="stmt" count="0"/>
        <line num="47" type="stmt" count="1"/>
        <line num="48" type="stmt" count="0"/>
        <line num="49" type="stmt" count="1"/>
        <line num="51" type="stmt" count="1"/>
        <line num="52" type="stmt" count="1"/>
        <line num="53" type="stmt" count="1"/>
        <line num="55" type="stmt" count="1"/>
        <metrics loc="58" ncloc="52" classes="1" methods="3" coveredmethods="1" conditionals="0" coveredconditionals="0" statements="23" coveredstatements="18" elements="26" coveredelements="19"/>
      </file>
      <file name="/Users/iagcs/Documents/projects/study/laravel/convenia/app-modules/employee/src/Services/import/ImportProcessOutcomeService.php">
        <class name="Modules\Employee\Services\import\ImportProcessOutcomeService" namespace="Modules\Employee\Services\import">
          <metrics complexity="4" methods="3" coveredmethods="3" conditionals="0" coveredconditionals="0" statements="10" coveredstatements="10" elements="13" coveredelements="13"/>
        </class>
        <line num="18" type="method" name="handleValidationProcessOutcome" visibility="public" complexity="2" crap="2" count="2"/>
        <line num="20" type="stmt" count="2"/>
        <line num="21" type="stmt" count="1"/>
        <line num="23" type="stmt" count="1"/>
        <line num="25" type="stmt" count="1"/>
        <line num="27" type="stmt" count="1"/>
        <line num="29" type="stmt" count="1"/>
        <line num="32" type="stmt" count="1"/>
        <line num="35" type="method" name="handleStoreProcessOutcome" visibility="public" complexity="1" crap="1" count="1"/>
        <line num="37" type="stmt" count="1"/>
        <line num="39" type="stmt" count="1"/>
        <line num="42" type="method" name="notifyInternErrorInImportProcess" visibility="public" complexity="1" crap="1" count="1"/>
        <line num="44" type="stmt" count="1"/>
        <metrics loc="47" ncloc="44" classes="1" methods="3" coveredmethods="3" conditionals="0" coveredconditionals="0" statements="10" coveredstatements="10" elements="13" coveredelements="13"/>
      </file>
      <file name="/Users/iagcs/Documents/projects/study/laravel/convenia/app-modules/employee/src/Services/import/ImportService.php">
        <class name="Modules\Employee\Services\import\ImportService" namespace="Modules\Employee\Services\import">
          <metrics complexity="2" methods="2" coveredmethods="2" conditionals="0" coveredconditionals="0" statements="5" coveredstatements="5" elements="7" coveredelements="7"/>
        </class>
        <line num="13" type="method" name="__construct" visibility="public" complexity="1" crap="1" count="3"/>
        <line num="16" type="stmt" count="3"/>
        <line num="21" type="method" name="import" visibility="public" complexity="1" crap="1" count="3"/>
        <line num="23" type="stmt" count="3"/>
        <line num="24" type="stmt" count="3"/>
        <line num="26" type="stmt" count="3"/>
        <line num="28" type="stmt" count="1"/>
        <metrics loc="32" ncloc="29" classes="1" methods="2" coveredmethods="2" conditionals="0" coveredconditionals="0" statements="5" coveredstatements="5" elements="7" coveredelements="7"/>
      </file>
      <file name="/Users/iagcs/Documents/projects/study/laravel/convenia/app-modules/employee/src/Services/import/ValidationService.php">
        <class name="Modules\Employee\Services\import\ValidationService" namespace="Modules\Employee\Services\import">
          <metrics complexity="5" methods="3" coveredmethods="3" conditionals="0" coveredconditionals="0" statements="26" coveredstatements="26" elements="29" coveredelements="29"/>
        </class>
        <line num="11" type="method" name="validateFileHeaders" visibility="public" complexity="1" crap="1" count="6"/>
        <line num="13" type="stmt" count="6"/>
        <line num="14" type="stmt" count="6"/>
        <line num="16" type="stmt" count="4"/>
        <line num="17" type="stmt" count="4"/>
        <line num="23" type="method" name="validateRowData" visibility="public" complexity="2" crap="2" count="3"/>
        <line num="25" type="stmt" count="3"/>
        <line num="26" type="stmt" count="3"/>
        <line num="27" type="stmt" count="3"/>
        <line num="28" type="stmt" count="3"/>
        <line num="29" type="stmt" count="3"/>
        <line num="30" type="stmt" count="3"/>
        <line num="31" type="stmt" count="3"/>
        <line num="32" type="stmt" count="3"/>
        <line num="33" type="stmt" count="3"/>
        <line num="34" type="stmt" count="3"/>
        <line num="35" type="stmt" count="3"/>
        <line num="36" type="stmt" count="3"/>
        <line num="38" type="stmt" count="3"/>
        <line num="39" type="stmt" count="2"/>
        <line num="47" type="method" name="storeValidationErrors" visibility="public" complexity="2" crap="2" count="2"/>
        <line num="49" type="stmt" count="2"/>
        <line num="50" type="stmt" count="2"/>
        <line num="52" type="stmt" count="2"/>
        <line num="53" type="stmt" count="1"/>
        <line num="54" type="stmt" count="1"/>
        <line num="56" type="stmt" count="2"/>
        <line num="59" type="stmt" count="2"/>
        <line num="60" type="stmt" count="2"/>
        <metrics loc="63" ncloc="56" classes="1" methods="3" coveredmethods="3" conditionals="0" coveredconditionals="0" statements="26" coveredstatements="26" elements="29" coveredelements="29"/>
      </file>
    </package>
    <file name="/Users/iagcs/Documents/projects/study/laravel/convenia/app-modules/employee/tests/Feature/EmployeeFTest.php">
      <line num="35" type="stmt" count="1"/>
      <line num="36" type="stmt" count="1"/>
      <line num="38" type="stmt" count="1"/>
      <line num="40" type="stmt" count="1"/>
      <line num="42" type="stmt" count="1"/>
      <line num="43" type="stmt" count="1"/>
      <line num="45" type="stmt" count="1"/>
      <line num="46" type="stmt" count="1"/>
      <line num="47" type="stmt" count="1"/>
      <line num="49" type="stmt" count="1"/>
      <line num="50" type="stmt" count="1"/>
      <line num="51" type="stmt" count="1"/>
      <line num="53" type="stmt" count="1"/>
      <line num="55" type="stmt" count="1"/>
      <line num="56" type="stmt" count="1"/>
      <line num="57" type="stmt" count="1"/>
      <line num="58" type="stmt" count="1"/>
      <line num="60" type="stmt" count="1"/>
      <line num="61" type="stmt" count="1"/>
      <line num="63" type="stmt" count="1"/>
      <line num="64" type="stmt" count="1"/>
      <line num="65" type="stmt" count="1"/>
      <line num="67" type="stmt" count="1"/>
      <line num="68" type="stmt" count="1"/>
      <line num="69" type="stmt" count="1"/>
      <line num="71" type="stmt" count="1"/>
      <line num="73" type="stmt" count="1"/>
      <line num="74" type="stmt" count="1"/>
      <line num="75" type="stmt" count="1"/>
      <line num="76" type="stmt" count="1"/>
      <line num="78" type="stmt" count="1"/>
      <line num="79" type="stmt" count="1"/>
      <line num="80" type="stmt" count="1"/>
      <line num="82" type="stmt" count="1"/>
      <line num="83" type="stmt" count="1"/>
      <line num="84" type="stmt" count="1"/>
      <line num="86" type="stmt" count="1"/>
      <line num="88" type="stmt" count="1"/>
      <line num="89" type="stmt" count="1"/>
      <line num="90" type="stmt" count="1"/>
      <line num="91" type="stmt" count="1"/>
      <line num="93" type="stmt" count="1"/>
      <line num="94" type="stmt" count="1"/>
      <line num="95" type="stmt" count="1"/>
      <line num="97" type="stmt" count="1"/>
      <line num="99" type="stmt" count="1"/>
      <line num="100" type="stmt" count="1"/>
      <line num="101" type="stmt" count="1"/>
      <line num="102" type="stmt" count="1"/>
      <line num="104" type="stmt" count="1"/>
      <line num="105" type="stmt" count="1"/>
      <line num="106" type="stmt" count="1"/>
      <line num="108" type="stmt" count="1"/>
      <line num="110" type="stmt" count="1"/>
      <line num="111" type="stmt" count="1"/>
      <line num="112" type="stmt" count="1"/>
      <line num="114" type="stmt" count="1"/>
      <line num="115" type="stmt" count="1"/>
      <line num="116" type="stmt" count="1"/>
      <line num="118" type="stmt" count="1"/>
      <line num="120" type="stmt" count="1"/>
      <line num="121" type="stmt" count="1"/>
      <line num="122" type="stmt" count="1"/>
      <line num="123" type="stmt" count="1"/>
      <line num="125" type="stmt" count="1"/>
      <line num="126" type="stmt" count="1"/>
      <line num="127" type="stmt" count="1"/>
      <line num="129" type="stmt" count="1"/>
      <line num="131" type="stmt" count="1"/>
      <line num="132" type="stmt" count="1"/>
      <line num="134" type="stmt" count="1"/>
      <line num="135" type="stmt" count="1"/>
      <line num="136" type="stmt" count="1"/>
      <line num="138" type="stmt" count="1"/>
      <line num="139" type="stmt" count="1"/>
      <line num="140" type="stmt" count="1"/>
      <line num="142" type="stmt" count="1"/>
      <line num="144" type="stmt" count="1"/>
      <line num="145" type="stmt" count="1"/>
      <line num="146" type="stmt" count="1"/>
      <line num="148" type="stmt" count="1"/>
      <line num="149" type="stmt" count="1"/>
      <line num="150" type="stmt" count="1"/>
      <line num="152" type="stmt" count="1"/>
      <line num="154" type="stmt" count="1"/>
      <line num="155" type="stmt" count="1"/>
      <line num="156" type="stmt" count="1"/>
      <line num="157" type="stmt" count="1"/>
      <line num="160" type="stmt" count="1"/>
      <line num="161" type="stmt" count="1"/>
      <line num="163" type="stmt" count="1"/>
      <line num="164" type="stmt" count="1"/>
      <line num="166" type="stmt" count="1"/>
      <line num="168" type="stmt" count="1"/>
      <line num="169" type="stmt" count="1"/>
      <line num="171" type="stmt" count="1"/>
      <line num="173" type="stmt" count="1"/>
      <line num="175" type="stmt" count="1"/>
      <line num="176" type="stmt" count="1"/>
      <line num="177" type="stmt" count="1"/>
      <line num="181" type="stmt" count="1"/>
      <line num="182" type="stmt" count="1"/>
      <line num="184" type="stmt" count="1"/>
      <line num="185" type="stmt" count="1"/>
      <line num="187" type="stmt" count="1"/>
      <line num="189" type="stmt" count="1"/>
      <line num="190" type="stmt" count="1"/>
      <line num="192" type="stmt" count="1"/>
      <line num="194" type="stmt" count="1"/>
      <line num="196" type="stmt" count="1"/>
      <line num="197" type="stmt" count="1"/>
      <line num="198" type="stmt" count="1"/>
      <line num="201" type="stmt" count="1"/>
      <line num="203" type="stmt" count="1"/>
      <line num="204" type="stmt" count="1"/>
      <line num="205" type="stmt" count="1"/>
      <line num="207" type="stmt" count="1"/>
      <line num="208" type="stmt" count="1"/>
      <line num="210" type="stmt" count="1"/>
      <line num="211" type="stmt" count="1"/>
      <line num="212" type="stmt" count="1"/>
      <line num="213" type="stmt" count="1"/>
      <line num="214" type="stmt" count="1"/>
      <line num="215" type="stmt" count="1"/>
      <line num="216" type="stmt" count="1"/>
      <line num="218" type="stmt" count="1"/>
      <line num="219" type="stmt" count="1"/>
      <line num="220" type="stmt" count="1"/>
      <line num="223" type="stmt" count="1"/>
      <line num="224" type="stmt" count="1"/>
      <line num="226" type="stmt" count="1"/>
      <line num="228" type="stmt" count="1"/>
      <line num="230" type="stmt" count="1"/>
      <line num="231" type="stmt" count="1"/>
      <line num="232" type="stmt" count="1"/>
      <line num="234" type="stmt" count="1"/>
      <line num="236" type="stmt" count="1"/>
      <line num="237" type="stmt" count="1"/>
      <line num="238" type="stmt" count="1"/>
      <line num="241" type="stmt" count="1"/>
      <line num="242" type="stmt" count="1"/>
      <line num="244" type="stmt" count="1"/>
      <line num="245" type="stmt" count="1"/>
      <line num="246" type="stmt" count="1"/>
      <line num="247" type="stmt" count="1"/>
      <line num="248" type="stmt" count="1"/>
      <line num="250" type="stmt" count="1"/>
      <line num="251" type="stmt" count="1"/>
      <line num="253" type="stmt" count="1"/>
      <line num="255" type="stmt" count="1"/>
      <line num="256" type="stmt" count="1"/>
      <line num="257" type="stmt" count="1"/>
      <line num="260" type="stmt" count="1"/>
      <line num="261" type="stmt" count="1"/>
      <line num="262" type="stmt" count="1"/>
      <line num="264" type="stmt" count="1"/>
      <metrics loc="266" ncloc="261" classes="0" methods="0" coveredmethods="0" conditionals="0" coveredconditionals="0" statements="156" coveredstatements="156" elements="156" coveredelements="156"/>
    </file>
    <file name="/Users/iagcs/Documents/projects/study/laravel/convenia/app-modules/employee/tests/Unit/BatchProcessingServiceUTest.php">
      <line num="29" type="stmt" count="2"/>
      <line num="30" type="stmt" count="2"/>
      <line num="32" type="stmt" count="2"/>
      <line num="33" type="stmt" count="2"/>
      <line num="35" type="stmt" count="1"/>
      <line num="36" type="stmt" count="1"/>
      <line num="38" type="stmt" count="1"/>
      <line num="40" type="stmt" count="1"/>
      <line num="42" type="stmt" count="1"/>
      <line num="43" type="stmt" count="1"/>
      <line num="44" type="stmt" count="1"/>
      <line num="45" type="stmt" count="1"/>
      <line num="47" type="stmt" count="1"/>
      <line num="48" type="stmt" count="1"/>
      <line num="50" type="stmt" count="1"/>
      <line num="52" type="stmt" count="1"/>
      <line num="54" type="stmt" count="1"/>
      <line num="55" type="stmt" count="1"/>
      <line num="56" type="stmt" count="1"/>
      <line num="57" type="stmt" count="1"/>
      <metrics loc="59" ncloc="59" classes="0" methods="0" coveredmethods="0" conditionals="0" coveredconditionals="0" statements="20" coveredstatements="20" elements="20" coveredelements="20"/>
    </file>
    <file name="/Users/iagcs/Documents/projects/study/laravel/convenia/app-modules/employee/tests/Unit/ImportProcessOutcomeServiceUTest.php">
      <line num="23" type="stmt" count="4"/>
      <line num="24" type="stmt" count="4"/>
      <line num="25" type="stmt" count="4"/>
      <line num="27" type="stmt" count="1"/>
      <line num="28" type="stmt" count="1"/>
      <line num="30" type="stmt" count="1"/>
      <line num="31" type="stmt" count="1"/>
      <line num="32" type="stmt" count="1"/>
      <line num="34" type="stmt" count="1"/>
      <line num="35" type="stmt" count="1"/>
      <line num="36" type="stmt" count="1"/>
      <line num="37" type="stmt" count="1"/>
      <line num="38" type="stmt" count="1"/>
      <line num="39" type="stmt" count="1"/>
      <line num="40" type="stmt" count="1"/>
      <line num="41" type="stmt" count="1"/>
      <line num="43" type="stmt" count="1"/>
      <line num="44" type="stmt" count="1"/>
      <line num="45" type="stmt" count="1"/>
      <line num="47" type="stmt" count="1"/>
      <line num="48" type="stmt" count="1"/>
      <line num="49" type="stmt" count="1"/>
      <line num="51" type="stmt" count="1"/>
      <line num="53" type="stmt" count="1"/>
      <line num="55" type="stmt" count="1"/>
      <line num="57" type="stmt" count="1"/>
      <line num="59" type="stmt" count="1"/>
      <line num="61" type="stmt" count="1"/>
      <line num="62" type="stmt" count="1"/>
      <line num="64" type="stmt" count="1"/>
      <line num="65" type="stmt" count="1"/>
      <line num="67" type="stmt" count="1"/>
      <line num="68" type="stmt" count="1"/>
      <line num="69" type="stmt" count="1"/>
      <line num="71" type="stmt" count="1"/>
      <line num="73" type="stmt" count="1"/>
      <line num="75" type="stmt" count="1"/>
      <line num="77" type="stmt" count="1"/>
      <line num="79" type="stmt" count="1"/>
      <line num="81" type="stmt" count="1"/>
      <line num="82" type="stmt" count="1"/>
      <line num="84" type="stmt" count="1"/>
      <line num="85" type="stmt" count="1"/>
      <line num="87" type="stmt" count="1"/>
      <line num="89" type="stmt" count="1"/>
      <line num="91" type="stmt" count="1"/>
      <line num="92" type="stmt" count="1"/>
      <line num="94" type="stmt" count="1"/>
      <line num="95" type="stmt" count="1"/>
      <line num="97" type="stmt" count="1"/>
      <line num="99" type="stmt" count="1"/>
      <line num="101" type="stmt" count="1"/>
      <line num="102" type="stmt" count="1"/>
      <metrics loc="105" ncloc="105" classes="0" methods="0" coveredmethods="0" conditionals="0" coveredconditionals="0" statements="53" coveredstatements="53" elements="53" coveredelements="53"/>
    </file>
    <file name="/Users/iagcs/Documents/projects/study/laravel/convenia/app-modules/employee/tests/Unit/ValidationServiceUTest.php">
      <line num="22" type="stmt" count="5"/>
      <line num="23" type="stmt" count="5"/>
      <line num="24" type="stmt" count="5"/>
      <line num="26" type="stmt" count="1"/>
      <line num="27" type="stmt" count="1"/>
      <line num="29" type="stmt" count="1"/>
      <line num="31" type="stmt" count="1"/>
      <line num="32" type="stmt" count="1"/>
      <line num="35" type="stmt" count="1"/>
      <line num="37" type="stmt" count="1"/>
      <line num="41" type="stmt" count="1"/>
      <line num="43" type="stmt" count="1"/>
      <line num="46" type="stmt" count="1"/>
      <line num="47" type="stmt" count="1"/>
      <line num="49" type="stmt" count="1"/>
      <line num="51" type="stmt" count="1"/>
      <line num="52" type="stmt" count="1"/>
      <line num="53" type="stmt" count="1"/>
      <line num="55" type="stmt" count="1"/>
      <line num="56" type="stmt" count="1"/>
      <line num="57" type="stmt" count="1"/>
      <line num="59" type="stmt" count="1"/>
      <line num="60" type="stmt" count="1"/>
      <line num="61" type="stmt" count="1"/>
      <line num="62" type="stmt" count="1"/>
      <line num="63" type="stmt" count="1"/>
      <line num="64" type="stmt" count="1"/>
      <line num="65" type="stmt" count="1"/>
      <line num="66" type="stmt" count="1"/>
      <line num="68" type="stmt" count="1"/>
      <line num="69" type="stmt" count="1"/>
      <line num="70" type="stmt" count="1"/>
      <line num="72" type="stmt" count="1"/>
      <line num="74" type="stmt" count="1"/>
      <line num="76" type="stmt" count="1"/>
      <line num="77" type="stmt" count="1"/>
      <line num="79" type="stmt" count="1"/>
      <line num="80" type="stmt" count="1"/>
      <line num="82" type="stmt" count="1"/>
      <line num="83" type="stmt" count="1"/>
      <line num="85" type="stmt" count="1"/>
      <line num="87" type="stmt" count="1"/>
      <line num="88" type="stmt" count="1"/>
      <line num="89" type="stmt" count="1"/>
      <line num="91" type="stmt" count="1"/>
      <line num="92" type="stmt" count="1"/>
      <line num="93" type="stmt" count="1"/>
      <line num="95" type="stmt" count="1"/>
      <line num="97" type="stmt" count="1"/>
      <line num="99" type="stmt" count="1"/>
      <line num="101" type="stmt" count="1"/>
      <line num="102" type="stmt" count="1"/>
      <metrics loc="104" ncloc="104" classes="0" methods="0" coveredmethods="0" conditionals="0" coveredconditionals="0" statements="52" coveredstatements="52" elements="52" coveredelements="52"/>
    </file>
    <package name="Modules\User\Database\Factories">
      <file name="/Users/iagcs/Documents/projects/study/laravel/convenia/app-modules/user/database/factories/UserFactory.php">
        <class name="Modules\User\Database\Factories\UserFactory" namespace="Modules\User\Database\Factories">
          <metrics complexity="2" methods="2" coveredmethods="1" conditionals="0" coveredconditionals="0" statements="10" coveredstatements="7" elements="12" coveredelements="8"/>
        </class>
        <line num="24" type="method" name="definition" visibility="public" complexity="1" crap="1" count="20"/>
        <line num="26" type="stmt" count="20"/>
        <line num="27" type="stmt" count="20"/>
        <line num="28" type="stmt" count="20"/>
        <line num="29" type="stmt" count="20"/>
        <line num="30" type="stmt" count="20"/>
        <line num="31" type="stmt" count="20"/>
        <line num="32" type="stmt" count="20"/>
        <line num="38" type="method" name="unverified" visibility="public" complexity="1" crap="2" count="0"/>
        <line num="40" type="stmt" count="0"/>
        <line num="41" type="stmt" count="0"/>
        <line num="42" type="stmt" count="0"/>
        <metrics loc="45" ncloc="31" classes="1" methods="2" coveredmethods="1" conditionals="0" coveredconditionals="0" statements="10" coveredstatements="7" elements="12" coveredelements="8"/>
      </file>
    </package>
    <file name="/Users/iagcs/Documents/projects/study/laravel/convenia/app-modules/user/database/migrations/2024_10_02_191118_set_up_user_module.php">
      <line num="6" type="stmt" count="1"/>
      <line num="14" type="stmt" count="1"/>
      <line num="20" type="stmt" count="0"/>
      <line num="21" type="stmt" count="1"/>
      <metrics loc="22" ncloc="15" classes="0" methods="0" coveredmethods="0" conditionals="0" coveredconditionals="0" statements="4" coveredstatements="3" elements="4" coveredelements="3"/>
    </file>
    <file name="/Users/iagcs/Documents/projects/study/laravel/convenia/app-modules/user/routes/user-routes.php">
      <line num="3" type="stmt" count="0"/>
      <metrics loc="4" ncloc="4" classes="0" methods="0" coveredmethods="0" conditionals="0" coveredconditionals="0" statements="1" coveredstatements="0" elements="1" coveredelements="0"/>
    </file>
    <package name="Modules\User\DTO">
      <file name="/Users/iagcs/Documents/projects/study/laravel/convenia/app-modules/user/src/DTO/LoginData.php">
        <class name="Modules\User\DTO\LoginData" namespace="Modules\User\DTO">
          <metrics complexity="1" methods="1" coveredmethods="1" conditionals="0" coveredconditionals="0" statements="1" coveredstatements="1" elements="2" coveredelements="2"/>
        </class>
        <line num="9" type="method" name="__construct" visibility="public" complexity="1" crap="1" count="2"/>
        <line num="12" type="stmt" count="2"/>
        <metrics loc="14" ncloc="14" classes="1" methods="1" coveredmethods="1" conditionals="0" coveredconditionals="0" statements="1" coveredstatements="1" elements="2" coveredelements="2"/>
      </file>
    </package>
    <package name="Modules\User\Http\Controllers">
      <file name="/Users/iagcs/Documents/projects/study/laravel/convenia/app-modules/user/src/Http/Controllers/LoginController.php">
        <class name="Modules\User\Http\Controllers\LoginController" namespace="Modules\User\Http\Controllers">
          <metrics complexity="2" methods="2" coveredmethods="2" conditionals="0" coveredconditionals="0" statements="2" coveredstatements="2" elements="4" coveredelements="4"/>
        </class>
        <line num="11" type="method" name="__construct" visibility="public" complexity="1" crap="1" count="2"/>
        <line num="16" type="method" name="__invoke" visibility="public" complexity="1" crap="1" count="2"/>
        <line num="18" type="stmt" count="2"/>
        <metrics loc="21" ncloc="18" classes="1" methods="2" coveredmethods="2" conditionals="0" coveredconditionals="0" statements="2" coveredstatements="2" elements="4" coveredelements="4"/>
      </file>
    </package>
    <package name="Modules\User\Http\Requests">
      <file name="/Users/iagcs/Documents/projects/study/laravel/convenia/app-modules/user/src/Http/Requests/LoginRequest.php">
        <class name="Modules\User\Http\Requests\LoginRequest" namespace="Modules\User\Http\Requests">
          <metrics complexity="1" methods="1" coveredmethods="1" conditionals="0" coveredconditionals="0" statements="13" coveredstatements="13" elements="14" coveredelements="14"/>
        </class>
        <line num="22" type="method" name="rules" visibility="public" complexity="1" crap="1" count="2"/>
        <line num="24" type="stmt" count="2"/>
        <line num="25" type="stmt" count="2"/>
        <line num="26" type="stmt" count="2"/>
        <line num="27" type="stmt" count="2"/>
        <line num="28" type="stmt" count="2"/>
        <line num="29" type="stmt" count="2"/>
        <line num="30" type="stmt" count="2"/>
        <line num="31" type="stmt" count="2"/>
        <line num="32" type="stmt" count="2"/>
        <line num="33" type="stmt" count="2"/>
        <line num="34" type="stmt" count="2"/>
        <line num="35" type="stmt" count="2"/>
        <line num="36" type="stmt" count="2"/>
        <metrics loc="39" ncloc="34" classes="1" methods="1" coveredmethods="1" conditionals="0" coveredconditionals="0" statements="13" coveredstatements="13" elements="14" coveredelements="14"/>
      </file>
    </package>
    <package name="Modules\User\Http\Resources">
      <file name="/Users/iagcs/Documents/projects/study/laravel/convenia/app-modules/user/src/Http/Resources/LoginResource.php">
        <class name="Modules\User\Http\Resources\LoginResource" namespace="Modules\User\Http\Resources">
          <metrics complexity="1" methods="1" coveredmethods="1" conditionals="0" coveredconditionals="0" statements="20" coveredstatements="20" elements="21" coveredelements="21"/>
        </class>
        <line num="16" type="method" name="toArray" visibility="public" complexity="1" crap="1" count="1"/>
        <line num="18" type="stmt" count="1"/>
        <line num="19" type="stmt" count="1"/>
        <line num="20" type="stmt" count="1"/>
        <line num="21" type="stmt" count="1"/>
        <line num="22" type="stmt" count="1"/>
        <line num="23" type="stmt" count="1"/>
        <line num="24" type="stmt" count="1"/>
        <line num="26" type="stmt" count="1"/>
        <line num="28" type="stmt" count="1"/>
        <line num="29" type="stmt" count="1"/>
        <line num="30" type="stmt" count="1"/>
        <line num="31" type="stmt" count="1"/>
        <line num="32" type="stmt" count="1"/>
        <line num="33" type="stmt" count="1"/>
        <line num="34" type="stmt" count="1"/>
        <line num="35" type="stmt" count="1"/>
        <line num="36" type="stmt" count="1"/>
        <line num="37" type="stmt" count="1"/>
        <line num="38" type="stmt" count="1"/>
        <line num="39" type="stmt" count="1"/>
        <metrics loc="42" ncloc="37" classes="1" methods="1" coveredmethods="1" conditionals="0" coveredconditionals="0" statements="20" coveredstatements="20" elements="21" coveredelements="21"/>
      </file>
    </package>
    <package name="Modules\User\Models">
      <file name="/Users/iagcs/Documents/projects/study/laravel/convenia/app-modules/user/src/Models/User.php">
        <class name="Modules\User\Models\User" namespace="Modules\User\Models">
          <metrics complexity="2" methods="2" coveredmethods="1" conditionals="0" coveredconditionals="0" statements="5" coveredstatements="4" elements="7" coveredelements="5"/>
        </class>
        <line num="44" type="method" name="casts" visibility="protected" complexity="1" crap="1" count="20"/>
        <line num="46" type="stmt" count="20"/>
        <line num="47" type="stmt" count="20"/>
        <line num="48" type="stmt" count="20"/>
        <line num="49" type="stmt" count="20"/>
        <line num="52" type="method" name="employees" visibility="public" complexity="1" crap="2" count="0"/>
        <line num="54" type="stmt" count="0"/>
        <metrics loc="57" ncloc="41" classes="1" methods="2" coveredmethods="1" conditionals="0" coveredconditionals="0" statements="5" coveredstatements="4" elements="7" coveredelements="5"/>
      </file>
    </package>
    <package name="Modules\User\Providers">
      <file name="/Users/iagcs/Documents/projects/study/laravel/convenia/app-modules/user/src/Providers/UserServiceProvider.php">
        <class name="Modules\User\Providers\UserServiceProvider" namespace="Modules\User\Providers">
          <metrics complexity="2" methods="2" coveredmethods="2" conditionals="0" coveredconditionals="0" statements="2" coveredstatements="2" elements="4" coveredelements="4"/>
        </class>
        <line num="9" type="method" name="register" visibility="public" complexity="1" crap="1" count="27"/>
        <line num="11" type="stmt" count="27"/>
        <line num="13" type="method" name="boot" visibility="public" complexity="1" crap="1" count="27"/>
        <line num="15" type="stmt" count="27"/>
        <metrics loc="17" ncloc="17" classes="1" methods="2" coveredmethods="2" conditionals="0" coveredconditionals="0" statements="2" coveredstatements="2" elements="4" coveredelements="4"/>
      </file>
    </package>
    <package name="Modules\User\services">
      <file name="/Users/iagcs/Documents/projects/study/laravel/convenia/app-modules/user/src/Services/UserService.php">
        <class name="Modules\User\services\UserService" namespace="Modules\User\services">
          <metrics complexity="1" methods="1" coveredmethods="0" conditionals="0" coveredconditionals="0" statements="6" coveredstatements="0" elements="7" coveredelements="0"/>
        </class>
        <line num="10" type="method" name="login" visibility="public" complexity="1" crap="2" count="0"/>
        <line num="12" type="stmt" count="0"/>
        <line num="13" type="stmt" count="0"/>
        <line num="14" type="stmt" count="0"/>
        <line num="15" type="stmt" count="0"/>
        <line num="16" type="stmt" count="0"/>
        <line num="17" type="stmt" count="0"/>
        <metrics loc="20" ncloc="20" classes="1" methods="1" coveredmethods="0" conditionals="0" coveredconditionals="0" statements="6" coveredstatements="0" elements="7" coveredelements="0"/>
      </file>
    </package>
    <file name="/Users/iagcs/Documents/projects/study/laravel/convenia/app-modules/user/tests/Feature/LoginControllerFTest.php">
      <line num="16" type="stmt" count="1"/>
      <line num="17" type="stmt" count="1"/>
      <line num="19" type="stmt" count="1"/>
      <line num="20" type="stmt" count="1"/>
      <line num="21" type="stmt" count="1"/>
      <line num="22" type="stmt" count="1"/>
      <line num="23" type="stmt" count="1"/>
      <line num="26" type="stmt" count="1"/>
      <line num="28" type="stmt" count="1"/>
      <line num="30" type="stmt" count="1"/>
      <line num="31" type="stmt" count="1"/>
      <line num="32" type="stmt" count="1"/>
      <line num="33" type="stmt" count="1"/>
      <metrics loc="36" ncloc="36" classes="0" methods="0" coveredmethods="0" conditionals="0" coveredconditionals="0" statements="13" coveredstatements="13" elements="13" coveredelements="13"/>
    </file>
    <package name="App\Http\Controllers">
      <file name="/Users/iagcs/Documents/projects/study/laravel/convenia/app/Http/Controllers/Controller.php">
        <class name="App\Http\Controllers\Controller" namespace="App\Http\Controllers">
          <metrics complexity="0" methods="0" coveredmethods="0" conditionals="0" coveredconditionals="0" statements="0" coveredstatements="0" elements="0" coveredelements="0"/>
        </class>
        <metrics loc="9" ncloc="8" classes="0" methods="0" coveredmethods="0" conditionals="0" coveredconditionals="0" statements="0" coveredstatements="0" elements="0" coveredelements="0"/>
      </file>
    </package>
    <package name="App\Jobs">
      <file name="/Users/iagcs/Documents/projects/study/laravel/convenia/app/Jobs/StartImportProcessJob.php">
        <class name="App\Jobs\StartImportProcessJob" namespace="App\Jobs">
          <metrics complexity="2" methods="2" coveredmethods="0" conditionals="0" coveredconditionals="0" statements="2" coveredstatements="0" elements="4" coveredelements="0"/>
        </class>
        <line num="16" type="method" name="__construct" visibility="public" complexity="1" crap="2" count="0"/>
        <line num="21" type="method" name="handle" visibility="public" complexity="1" crap="2" count="0"/>
        <line num="24" type="stmt" count="0"/>
        <metrics loc="26" ncloc="20" classes="1" methods="2" coveredmethods="0" conditionals="0" coveredconditionals="0" statements="2" coveredstatements="0" elements="4" coveredelements="0"/>
      </file>
    </package>
    <package name="App\Providers">
      <file name="/Users/iagcs/Documents/projects/study/laravel/convenia/app/Providers/AppServiceProvider.php">
        <class name="App\Providers\AppServiceProvider" namespace="App\Providers">
          <metrics complexity="2" methods="2" coveredmethods="2" conditionals="0" coveredconditionals="0" statements="3" coveredstatements="3" elements="5" coveredelements="5"/>
        </class>
        <line num="16" type="method" name="register" visibility="public" complexity="1" crap="1" count="27"/>
        <line num="19" type="stmt" count="27"/>
        <line num="24" type="method" name="boot" visibility="public" complexity="1" crap="1" count="27"/>
        <line num="26" type="stmt" count="27"/>
        <line num="28" type="stmt" count="27"/>
        <metrics loc="31" ncloc="24" classes="1" methods="2" coveredmethods="2" conditionals="0" coveredconditionals="0" statements="3" coveredstatements="3" elements="5" coveredelements="5"/>
      </file>
    </package>
    <metrics files="40" loc="1763" ncloc="1555" classes="30" methods="69" coveredmethods="52" conditionals="0" coveredconditionals="0" statements="543" coveredstatements="495" elements="612" coveredelements="547"/>
  </project>
</coverage>
